<?xml version="1.0" encoding="UTF-8"?>
<!-- Generated by org.testng.reporters.JUnitReportReporter -->
<testsuite skipped="0" hostname="Dhiren" name="com.testCases.TestCases" tests="3" failures="0" timestamp="2020-09-24T12:03:43 EDT" time="0.008" errors="0">
  <testcase name="testcases2" time="0.001" classname="com.testCases.TestCases"/>
  <system-out/>
  <testcase name="testcase1" time="0.006" classname="com.testCases.TestCases"/>
  <system-out/>
  <testcase name="testcases3" time="0.001" classname="com.testCases.TestCases"/>
  <system-out/>
</testsuite> <!-- com.testCases.TestCases -->
